client.py: logging in using static token
http.py: GET https://discord.com/api/v7/users/@me with None has returned 200
http.py: GET https://discord.com/api/v7/users/@me has received {'id': '964421068276244480', 'username': 'bot_tp_ing', 'avatar': None, 'avatar_decoration': None, 'discriminator': '3127', 'public_flags': 0, 'flags': 0, 'bot': True, 'banner': None, 'banner_color': None, 'accent_color': None, 'bio': '', 'pronouns': '', 'locale': 'en-US', 'mfa_enabled': False, 'email': None, 'verified': True}
http.py: GET https://discord.com/api/v7/gateway with None has returned 200
http.py: GET https://discord.com/api/v7/gateway has received {'url': 'wss://gateway.discord.gg'}
gateway.py: Created websocket connected to wss://gateway.discord.gg?encoding=json&v=6&compress=zlib-stream
client.py: Dispatching event socket_raw_receive
gateway.py: For Shard ID None: WebSocket Event: {'t': None, 's': None, 'op': 10, 'd': {'heartbeat_interval': 41250, '_trace': ['["gateway-prd-main-1vzv",{"micros":0.0}]']}}
client.py: Dispatching event socket_response
client.py: Dispatching event socket_raw_send
client.py: Dispatching event socket_raw_send
gateway.py: Shard ID None has sent the IDENTIFY payload.
client.py: Dispatching event socket_raw_receive
gateway.py: For Shard ID None: WebSocket Event: {'t': None, 's': None, 'op': 11, 'd': None}
client.py: Dispatching event socket_response
client.py: Dispatching event socket_raw_receive
gateway.py: For Shard ID None: WebSocket Event: {'t': 'READY', 's': 1, 'op': 0, 'd': {'v': 6, 'user_settings': {}, 'user': {'verified': True, 'username': 'bot_tp_ing', 'mfa_enabled': False, 'id': '964421068276244480', 'flags': 0, 'email': None, 'discriminator': '3127', 'bot': True, 'avatar': None}, 'session_id': 'f5c1b23a4fea63b27a877b547d5a1f0f', 'relationships': [], 'private_channels': [], 'presences': [], 'guilds': [{'unavailable': True, 'id': '964422766235381840'}], 'guild_join_requests': [], 'geo_ordered_rtc_regions': ['rotterdam', 'milan', 'madrid', 'stockholm', 'bucharest'], 'application': {'id': '964421068276244480', 'flags': 827392}, '_trace': ['["gateway-prd-main-1vzv",{"micros":82967,"calls":["discord-sessions-blue-prd-2-160",{"micros":80805,"calls":["start_session",{"micros":52518,"calls":["discord-api-59dffdb7f6-6mrjb",{"micros":45218,"calls":["get_user",{"micros":6438},"add_authorized_ip",{"micros":1430},"get_guilds",{"micros":5228},"coros_wait",{"micros":2}]}]},"guilds_connect",{"micros":1,"calls":[]},"presence_connect",{"micros":13228,"calls":[]}]}]}]']}}
client.py: Dispatching event socket_response
gateway.py: Shard ID None has connected to Gateway: ["gateway-prd-main-1vzv",{"micros":82967,"calls":["discord-sessions-blue-prd-2-160",{"micros":80805,"calls":["start_session",{"micros":52518,"calls":["discord-api-59dffdb7f6-6mrjb",{"micros":45218,"calls":["get_user",{"micros":6438},"add_authorized_ip",{"micros":1430},"get_guilds",{"micros":5228},"coros_wait",{"micros":2}]}]},"guilds_connect",{"micros":1,"calls":[]},"presence_connect",{"micros":13228,"calls":[]}]}]}] (Session ID: f5c1b23a4fea63b27a877b547d5a1f0f).
client.py: Dispatching event connect
client.py: Dispatching event socket_raw_receive
gateway.py: For Shard ID None: WebSocket Event: {'t': 'GUILD_CREATE', 's': 2, 'op': 0, 'd': {'explicit_content_filter': 0, 'public_updates_channel_id': None, 'name': 'Serveur de wiam', 'icon': None, 'voice_states': [], 'member_count': 3, 'verification_level': 0, 'nsfw': False, 'banner': None, 'rules_channel_id': None, 'afk_timeout': 300, 'afk_channel_id': None, 'premium_tier': 0, 'stage_instances': [], 'splash': None, 'roles': [{'unicode_emoji': None, 'tags': {}, 'position': 0, 'permissions_new': '1071698660929', 'permissions': 104320577, 'name': '@everyone', 'mentionable': False, 'managed': False, 'id': '964422766235381840', 'icon': None, 'hoist': False, 'color': 0}, {'unicode_emoji': None, 'tags': {'bot_id': '964421068276244480'}, 'position': 1, 'permissions_new': '8', 'permissions': 8, 'name': 'bot_tp_ing', 'mentionable': False, 'managed': True, 'id': '964422912784339007', 'icon': None, 'hoist': False, 'color': 0}], 'emojis': [], 'region': 'deprecated', 'stickers': [], 'large': False, 'vanity_url_code': None, 'unavailable': False, 'application_id': None, 'application_command_counts': {'3': 0, '2': 0, '1': 0}, 'hub_type': None, 'owner_id': '767142321782390815', 'discovery_splash': None, 'description': None, 'channels': [{'type': 4, 'position': 0, 'permission_overwrites': [], 'name': 'Text Channels', 'id': '964422766235381841', 'flags': 0}, {'type': 4, 'position': 0, 'permission_overwrites': [], 'name': 'Voice Channels', 'id': '964422766235381842', 'flags': 0}, {'type': 0, 'topic': None, 'rate_limit_per_user': 0, 'position': 0, 'permission_overwrites': [], 'parent_id': '964422766235381841', 'name': 'general', 'last_message_id': '967457598666322040', 'id': '964422766235381843', 'flags': 0}, {'user_limit': 0, 'type': 2, 'rtc_region': None, 'rate_limit_per_user': 0, 'position': 0, 'permission_overwrites': [], 'parent_id': '964422766235381842', 'name': 'General', 'last_message_id': None, 'id': '964422766235381844', 'flags': 0, 'bitrate': 64000}], 'system_channel_flags': 0, 'mfa_level': 0, 'threads': [], 'preferred_locale': 'en-US', 'guild_hashes': {'version': 1, 'roles': {'omitted': False, 'hash': 'QMIa+a7abKE'}, 'metadata': {'omitted': False, 'hash': 'LoqAg1blR6c'}, 'channels': {'omitted': False, 'hash': 'wh2okdn9upk'}}, 'features': [], 'id': '964422766235381840', 'max_video_channel_users': 25, 'embedded_activities': [], 'lazy': True, 'max_members': 500000, 'presences': [], 'system_channel_id': '964422766235381843', 'joined_at': '2022-04-15T07:12:20.577000+00:00', 'nsfw_level': 0, 'guild_scheduled_events': [], 'default_message_notifications': 0, 'members': [{'user': {'username': 'bot_tp_ing', 'id': '964421068276244480', 'discriminator': '3127', 'bot': True, 'avatar': None}, 'roles': ['964422912784339007'], 'mute': False, 'joined_at': '2022-04-15T07:12:20.577000+00:00', 'hoisted_role': None, 'flags': 0, 'deaf': False}], 'premium_progress_bar_enabled': False, 'premium_subscription_count': 0}}
client.py: Dispatching event socket_response
client.py: Dispatching event guild_available
client.py: Dispatching event ready
Logs.py: bot_tp_ing#3127 has connected to Discord!
client.py: Dispatching event socket_raw_receive
gateway.py: For Shard ID None: WebSocket Event: {'t': 'MESSAGE_CREATE', 's': 3, 'op': 0, 'd': {'type': 0, 'tts': False, 'timestamp': '2022-04-23T20:47:01.519000+00:00', 'referenced_message': None, 'pinned': False, 'nonce': '967527041698103296', 'mentions': [], 'mention_roles': [], 'mention_everyone': False, 'member': {'roles': [], 'mute': False, 'joined_at': '2022-04-15T07:11:45.591000+00:00', 'hoisted_role': None, 'flags': 0, 'deaf': False}, 'id': '967527037482958878', 'flags': 0, 'embeds': [], 'edited_timestamp': None, 'content': 'hey', 'components': [], 'channel_id': '964422766235381843', 'author': {'username': 'wiam', 'public_flags': 0, 'id': '767142321782390815', 'discriminator': '9974', 'avatar_decoration': None, 'avatar': None}, 'attachments': [], 'guild_id': '964422766235381840'}}
client.py: Dispatching event socket_response
client.py: Dispatching event message
Logs.py: wiam#9974: hey
client.py: Dispatching event socket_raw_receive
gateway.py: For Shard ID None: WebSocket Event: {'t': 'MESSAGE_CREATE', 's': 4, 'op': 0, 'd': {'type': 0, 'tts': False, 'timestamp': '2022-04-23T20:47:01.878000+00:00', 'referenced_message': None, 'pinned': False, 'mentions': [], 'mention_roles': [], 'mention_everyone': False, 'member': {'roles': ['964422912784339007'], 'mute': False, 'joined_at': '2022-04-15T07:12:20.577000+00:00', 'hoisted_role': None, 'flags': 0, 'deaf': False}, 'id': '967527038988746833', 'flags': 0, 'embeds': [], 'edited_timestamp': None, 'content': 'wiam#9974 : hey', 'components': [], 'channel_id': '964422766235381843', 'author': {'username': 'bot_tp_ing', 'public_flags': 0, 'id': '964421068276244480', 'discriminator': '3127', 'bot': True, 'avatar_decoration': None, 'avatar': None}, 'attachments': [], 'guild_id': '964422766235381840'}}
client.py: Dispatching event socket_response
client.py: Dispatching event message
http.py: POST https://discord.com/api/v7/channels/964422766235381843/messages with {"content":"wiam#9974 : hey"} has returned 200
http.py: POST https://discord.com/api/v7/channels/964422766235381843/messages has received {'id': '967527038988746833', 'type': 0, 'content': 'wiam#9974 : hey', 'channel_id': '964422766235381843', 'author': {'id': '964421068276244480', 'username': 'bot_tp_ing', 'avatar': None, 'avatar_decoration': None, 'discriminator': '3127', 'public_flags': 0, 'bot': True}, 'attachments': [], 'embeds': [], 'mentions': [], 'mention_roles': [], 'pinned': False, 'mention_everyone': False, 'tts': False, 'timestamp': '2022-04-23T20:47:01.878000+00:00', 'edited_timestamp': None, 'flags': 0, 'components': [], 'referenced_message': None}
client.py: Dispatching event socket_raw_receive
gateway.py: For Shard ID None: WebSocket Event: {'t': 'MESSAGE_CREATE', 's': 5, 'op': 0, 'd': {'type': 0, 'tts': False, 'timestamp': '2022-04-23T20:47:08.029000+00:00', 'referenced_message': None, 'pinned': False, 'nonce': '967527068977856512', 'mentions': [], 'mention_roles': [], 'mention_everyone': False, 'member': {'roles': [], 'mute': False, 'joined_at': '2022-04-15T07:11:45.591000+00:00', 'hoisted_role': None, 'flags': 0, 'deaf': False}, 'id': '967527064787890247', 'flags': 0, 'embeds': [], 'edited_timestamp': None, 'content': 'hello', 'components': [], 'channel_id': '964422766235381843', 'author': {'username': 'wiam', 'public_flags': 0, 'id': '767142321782390815', 'discriminator': '9974', 'avatar_decoration': None, 'avatar': None}, 'attachments': [], 'guild_id': '964422766235381840'}}
client.py: Dispatching event socket_response
client.py: Dispatching event message
Logs.py: wiam#9974: hello
client.py: Dispatching event socket_raw_receive
gateway.py: For Shard ID None: WebSocket Event: {'t': 'MESSAGE_CREATE', 's': 6, 'op': 0, 'd': {'type': 0, 'tts': False, 'timestamp': '2022-04-23T20:47:08.740000+00:00', 'referenced_message': None, 'pinned': False, 'mentions': [], 'mention_roles': [], 'mention_everyone': False, 'member': {'roles': ['964422912784339007'], 'mute': False, 'joined_at': '2022-04-15T07:12:20.577000+00:00', 'hoisted_role': None, 'flags': 0, 'deaf': False}, 'id': '967527067770036285', 'flags': 0, 'embeds': [], 'edited_timestamp': None, 'content': 'wiam#9974 : hello', 'components': [], 'channel_id': '964422766235381843', 'author': {'username': 'bot_tp_ing', 'public_flags': 0, 'id': '964421068276244480', 'discriminator': '3127', 'bot': True, 'avatar_decoration': None, 'avatar': None}, 'attachments': [], 'guild_id': '964422766235381840'}}
client.py: Dispatching event socket_response
client.py: Dispatching event message
http.py: POST https://discord.com/api/v7/channels/964422766235381843/messages with {"content":"wiam#9974 : hello"} has returned 200
http.py: POST https://discord.com/api/v7/channels/964422766235381843/messages has received {'id': '967527067770036285', 'type': 0, 'content': 'wiam#9974 : hello', 'channel_id': '964422766235381843', 'author': {'id': '964421068276244480', 'username': 'bot_tp_ing', 'avatar': None, 'avatar_decoration': None, 'discriminator': '3127', 'public_flags': 0, 'bot': True}, 'attachments': [], 'embeds': [], 'mentions': [], 'mention_roles': [], 'pinned': False, 'mention_everyone': False, 'tts': False, 'timestamp': '2022-04-23T20:47:08.740000+00:00', 'edited_timestamp': None, 'flags': 0, 'components': [], 'referenced_message': None}
client.py: Dispatching event socket_raw_receive
gateway.py: For Shard ID None: WebSocket Event: {'t': 'MESSAGE_CREATE', 's': 7, 'op': 0, 'd': {'type': 0, 'tts': False, 'timestamp': '2022-04-23T20:47:09.126000+00:00', 'referenced_message': None, 'pinned': False, 'mentions': [], 'mention_roles': [], 'mention_everyone': False, 'member': {'roles': ['964422912784339007'], 'mute': False, 'joined_at': '2022-04-15T07:12:20.577000+00:00', 'hoisted_role': None, 'flags': 0, 'deaf': False}, 'id': '967527069389037588', 'flags': 0, 'embeds': [], 'edited_timestamp': None, 'content': 'Hi wiam#9974', 'components': [], 'channel_id': '964422766235381843', 'author': {'username': 'bot_tp_ing', 'public_flags': 0, 'id': '964421068276244480', 'discriminator': '3127', 'bot': True, 'avatar_decoration': None, 'avatar': None}, 'attachments': [], 'guild_id': '964422766235381840'}}
client.py: Dispatching event socket_response
client.py: Dispatching event message
http.py: POST https://discord.com/api/v7/channels/964422766235381843/messages with {"content":"Hi wiam#9974"} has returned 200
http.py: POST https://discord.com/api/v7/channels/964422766235381843/messages has received {'id': '967527069389037588', 'type': 0, 'content': 'Hi wiam#9974', 'channel_id': '964422766235381843', 'author': {'id': '964421068276244480', 'username': 'bot_tp_ing', 'avatar': None, 'avatar_decoration': None, 'discriminator': '3127', 'public_flags': 0, 'bot': True}, 'attachments': [], 'embeds': [], 'mentions': [], 'mention_roles': [], 'pinned': False, 'mention_everyone': False, 'tts': False, 'timestamp': '2022-04-23T20:47:09.126000+00:00', 'edited_timestamp': None, 'flags': 0, 'components': [], 'referenced_message': None}
Logs.py: wiam#9974: hello
gateway.py: Keeping shard ID None websocket alive with sequence 7.
client.py: Dispatching event socket_raw_receive
gateway.py: For Shard ID None: WebSocket Event: {'t': None, 's': None, 'op': 11, 'd': None}
client.py: Dispatching event socket_response
gateway.py: Keeping shard ID None websocket alive with sequence 7.
client.py: Dispatching event socket_raw_receive
gateway.py: For Shard ID None: WebSocket Event: {'t': None, 's': None, 'op': 11, 'd': None}
client.py: Dispatching event socket_response
gateway.py: Keeping shard ID None websocket alive with sequence 7.
client.py: Dispatching event socket_raw_receive
gateway.py: For Shard ID None: WebSocket Event: {'t': None, 's': None, 'op': 11, 'd': None}
client.py: Dispatching event socket_response
gateway.py: Keeping shard ID None websocket alive with sequence 7.
client.py: Dispatching event socket_raw_receive
gateway.py: For Shard ID None: WebSocket Event: {'t': None, 's': None, 'op': 11, 'd': None}
client.py: Dispatching event socket_response
gateway.py: Keeping shard ID None websocket alive with sequence 7.
client.py: Dispatching event socket_raw_receive
gateway.py: For Shard ID None: WebSocket Event: {'t': None, 's': None, 'op': 11, 'd': None}
client.py: Dispatching event socket_response
gateway.py: Keeping shard ID None websocket alive with sequence 7.
client.py: Dispatching event socket_raw_receive
gateway.py: For Shard ID None: WebSocket Event: {'t': None, 's': None, 'op': 11, 'd': None}
client.py: Dispatching event socket_response
gateway.py: Keeping shard ID None websocket alive with sequence 7.
client.py: Dispatching event socket_raw_receive
gateway.py: For Shard ID None: WebSocket Event: {'t': None, 's': None, 'op': 11, 'd': None}
client.py: Dispatching event socket_response
gateway.py: Keeping shard ID None websocket alive with sequence 7.
client.py: Dispatching event socket_raw_receive
gateway.py: For Shard ID None: WebSocket Event: {'t': None, 's': None, 'op': 11, 'd': None}
client.py: Dispatching event socket_response
gateway.py: Keeping shard ID None websocket alive with sequence 7.
client.py: Dispatching event socket_raw_receive
gateway.py: For Shard ID None: WebSocket Event: {'t': None, 's': None, 'op': 11, 'd': None}
client.py: Dispatching event socket_response
gateway.py: Keeping shard ID None websocket alive with sequence 7.
client.py: Dispatching event socket_raw_receive
gateway.py: For Shard ID None: WebSocket Event: {'t': None, 's': None, 'op': 11, 'd': None}
client.py: Dispatching event socket_response
client.py: Received signal to terminate bot and event loop.
client.py: Cleaning up tasks.
client.py: Cleaning up after 1 tasks.
client.py: All tasks finished cancelling.
client.py: Closing the event loop.
client.py: logging in using static token
http.py: GET https://discord.com/api/v7/users/@me with None has returned 200
http.py: GET https://discord.com/api/v7/users/@me has received {'id': '964421068276244480', 'username': 'bot_tp_ing', 'avatar': None, 'avatar_decoration': None, 'discriminator': '3127', 'public_flags': 0, 'flags': 0, 'bot': True, 'banner': None, 'banner_color': None, 'accent_color': None, 'bio': '', 'pronouns': '', 'locale': 'en-US', 'mfa_enabled': False, 'email': None, 'verified': True}
http.py: GET https://discord.com/api/v7/gateway with None has returned 200
http.py: GET https://discord.com/api/v7/gateway has received {'url': 'wss://gateway.discord.gg'}
gateway.py: Created websocket connected to wss://gateway.discord.gg?encoding=json&v=6&compress=zlib-stream
client.py: Dispatching event socket_raw_receive
gateway.py: For Shard ID None: WebSocket Event: {'t': None, 's': None, 'op': 10, 'd': {'heartbeat_interval': 41250, '_trace': ['["gateway-prd-main-ddrn",{"micros":0.0}]']}}
client.py: Dispatching event socket_response
client.py: Dispatching event socket_raw_send
client.py: Dispatching event socket_raw_send
gateway.py: Shard ID None has sent the IDENTIFY payload.
client.py: Dispatching event socket_raw_receive
gateway.py: For Shard ID None: WebSocket Event: {'t': None, 's': None, 'op': 11, 'd': None}
client.py: Dispatching event socket_response
client.py: Dispatching event socket_raw_receive
gateway.py: For Shard ID None: WebSocket Event: {'t': 'READY', 's': 1, 'op': 0, 'd': {'v': 6, 'user_settings': {}, 'user': {'verified': True, 'username': 'bot_tp_ing', 'mfa_enabled': False, 'id': '964421068276244480', 'flags': 0, 'email': None, 'discriminator': '3127', 'bot': True, 'avatar': None}, 'session_id': '0e5e991165e7eb01b21423744fab3744', 'relationships': [], 'private_channels': [], 'presences': [], 'guilds': [{'unavailable': True, 'id': '964422766235381840'}], 'guild_join_requests': [], 'geo_ordered_rtc_regions': ['rotterdam', 'milan', 'madrid', 'stockholm', 'bucharest'], 'application': {'id': '964421068276244480', 'flags': 827392}, '_trace': ['["gateway-prd-main-ddrn",{"micros":71473,"calls":["discord-sessions-blue-prd-2-96",{"micros":67559,"calls":["start_session",{"micros":38479,"calls":["discord-api-59dffdb7f6-2pzrf",{"micros":34209,"calls":["get_user",{"micros":6442},"add_authorized_ip",{"micros":1482},"get_guilds",{"micros":3474},"coros_wait",{"micros":1}]}]},"guilds_connect",{"micros":1,"calls":[]},"presence_connect",{"micros":21811,"calls":[]}]}]}]']}}
client.py: Dispatching event socket_response
gateway.py: Shard ID None has connected to Gateway: ["gateway-prd-main-ddrn",{"micros":71473,"calls":["discord-sessions-blue-prd-2-96",{"micros":67559,"calls":["start_session",{"micros":38479,"calls":["discord-api-59dffdb7f6-2pzrf",{"micros":34209,"calls":["get_user",{"micros":6442},"add_authorized_ip",{"micros":1482},"get_guilds",{"micros":3474},"coros_wait",{"micros":1}]}]},"guilds_connect",{"micros":1,"calls":[]},"presence_connect",{"micros":21811,"calls":[]}]}]}] (Session ID: 0e5e991165e7eb01b21423744fab3744).
client.py: Dispatching event connect
client.py: Dispatching event socket_raw_receive
gateway.py: For Shard ID None: WebSocket Event: {'t': 'GUILD_CREATE', 's': 2, 'op': 0, 'd': {'region': 'deprecated', 'voice_states': [], 'joined_at': '2022-04-15T07:12:20.577000+00:00', 'afk_channel_id': None, 'stage_instances': [], 'name': 'Serveur de wiam', 'max_members': 500000, 'icon': None, 'splash': None, 'guild_scheduled_events': [], 'nsfw_level': 0, 'features': [], 'channels': [{'type': 4, 'position': 0, 'permission_overwrites': [], 'name': 'Text Channels', 'id': '964422766235381841', 'flags': 0}, {'type': 4, 'position': 0, 'permission_overwrites': [], 'name': 'Voice Channels', 'id': '964422766235381842', 'flags': 0}, {'type': 0, 'topic': None, 'rate_limit_per_user': 0, 'position': 0, 'permission_overwrites': [], 'parent_id': '964422766235381841', 'name': 'general', 'last_message_id': '967527069389037588', 'id': '964422766235381843', 'flags': 0}, {'user_limit': 0, 'type': 2, 'rtc_region': None, 'rate_limit_per_user': 0, 'position': 0, 'permission_overwrites': [], 'parent_id': '964422766235381842', 'name': 'General', 'last_message_id': None, 'id': '964422766235381844', 'flags': 0, 'bitrate': 64000}], 'lazy': True, 'roles': [{'unicode_emoji': None, 'tags': {}, 'position': 0, 'permissions_new': '1071698660929', 'permissions': 104320577, 'name': '@everyone', 'mentionable': False, 'managed': False, 'id': '964422766235381840', 'icon': None, 'hoist': False, 'color': 0}, {'unicode_emoji': None, 'tags': {'bot_id': '964421068276244480'}, 'position': 1, 'permissions_new': '8', 'permissions': 8, 'name': 'bot_tp_ing', 'mentionable': False, 'managed': True, 'id': '964422912784339007', 'icon': None, 'hoist': False, 'color': 0}], 'vanity_url_code': None, 'system_channel_flags': 0, 'explicit_content_filter': 0, 'premium_subscription_count': 0, 'verification_level': 0, 'large': False, 'afk_timeout': 300, 'preferred_locale': 'en-US', 'owner_id': '767142321782390815', 'discovery_splash': None, 'unavailable': False, 'application_command_counts': {'3': 0, '2': 0, '1': 0}, 'embedded_activities': [], 'stickers': [], 'description': None, 'threads': [], 'rules_channel_id': None, 'system_channel_id': '964422766235381843', 'premium_progress_bar_enabled': False, 'members': [{'user': {'username': 'bot_tp_ing', 'id': '964421068276244480', 'discriminator': '3127', 'bot': True, 'avatar': None}, 'roles': ['964422912784339007'], 'mute': False, 'joined_at': '2022-04-15T07:12:20.577000+00:00', 'hoisted_role': None, 'flags': 0, 'deaf': False}], 'presences': [], 'premium_tier': 0, 'public_updates_channel_id': None, 'id': '964422766235381840', 'banner': None, 'guild_hashes': {'version': 1, 'roles': {'omitted': False, 'hash': 'QMIa+a7abKE'}, 'metadata': {'omitted': False, 'hash': 'LoqAg1blR6c'}, 'channels': {'omitted': False, 'hash': 'wh2okdn9upk'}}, 'member_count': 3, 'default_message_notifications': 0, 'max_video_channel_users': 25, 'emojis': [], 'nsfw': False, 'mfa_level': 0, 'hub_type': None, 'application_id': None}}
client.py: Dispatching event socket_response
client.py: Dispatching event guild_available
client.py: Dispatching event ready
Logs.py: bot_tp_ing#3127 has connected to Discord!
client.py: Dispatching event socket_raw_receive
gateway.py: For Shard ID None: WebSocket Event: {'t': 'MESSAGE_CREATE', 's': 3, 'op': 0, 'd': {'type': 0, 'tts': False, 'timestamp': '2022-04-23T20:54:13.352000+00:00', 'referenced_message': None, 'pinned': False, 'nonce': '967528852865679360', 'mentions': [], 'mention_roles': [], 'mention_everyone': False, 'member': {'roles': [], 'mute': False, 'joined_at': '2022-04-15T07:11:45.591000+00:00', 'hoisted_role': None, 'flags': 0, 'deaf': False}, 'id': '967528848721866822', 'flags': 0, 'embeds': [], 'edited_timestamp': None, 'content': 'hello', 'components': [], 'channel_id': '964422766235381843', 'author': {'username': 'wiam', 'public_flags': 0, 'id': '767142321782390815', 'discriminator': '9974', 'avatar_decoration': None, 'avatar': None}, 'attachments': [], 'guild_id': '964422766235381840'}}
client.py: Dispatching event socket_response
client.py: Dispatching event message
Logs.py: wiam#9974: hello
client.py: Dispatching event socket_raw_receive
gateway.py: For Shard ID None: WebSocket Event: {'t': 'MESSAGE_CREATE', 's': 4, 'op': 0, 'd': {'type': 0, 'tts': False, 'timestamp': '2022-04-23T20:54:13.700000+00:00', 'referenced_message': None, 'pinned': False, 'mentions': [], 'mention_roles': [], 'mention_everyone': False, 'member': {'roles': ['964422912784339007'], 'mute': False, 'joined_at': '2022-04-15T07:12:20.577000+00:00', 'hoisted_role': None, 'flags': 0, 'deaf': False}, 'id': '967528850181480479', 'flags': 0, 'embeds': [], 'edited_timestamp': None, 'content': 'wiam#9974 : hello', 'components': [], 'channel_id': '964422766235381843', 'author': {'username': 'bot_tp_ing', 'public_flags': 0, 'id': '964421068276244480', 'discriminator': '3127', 'bot': True, 'avatar_decoration': None, 'avatar': None}, 'attachments': [], 'guild_id': '964422766235381840'}}
client.py: Dispatching event socket_response
client.py: Dispatching event message
http.py: POST https://discord.com/api/v7/channels/964422766235381843/messages with {"content":"wiam#9974 : hello"} has returned 200
http.py: POST https://discord.com/api/v7/channels/964422766235381843/messages has received {'id': '967528850181480479', 'type': 0, 'content': 'wiam#9974 : hello', 'channel_id': '964422766235381843', 'author': {'id': '964421068276244480', 'username': 'bot_tp_ing', 'avatar': None, 'avatar_decoration': None, 'discriminator': '3127', 'public_flags': 0, 'bot': True}, 'attachments': [], 'embeds': [], 'mentions': [], 'mention_roles': [], 'pinned': False, 'mention_everyone': False, 'tts': False, 'timestamp': '2022-04-23T20:54:13.700000+00:00', 'edited_timestamp': None, 'flags': 0, 'components': [], 'referenced_message': None}
client.py: Dispatching event socket_raw_receive
gateway.py: For Shard ID None: WebSocket Event: {'t': 'MESSAGE_CREATE', 's': 5, 'op': 0, 'd': {'type': 0, 'tts': False, 'timestamp': '2022-04-23T20:54:14.508000+00:00', 'referenced_message': None, 'pinned': False, 'mentions': [], 'mention_roles': [], 'mention_everyone': False, 'member': {'roles': ['964422912784339007'], 'mute': False, 'joined_at': '2022-04-15T07:12:20.577000+00:00', 'hoisted_role': None, 'flags': 0, 'deaf': False}, 'id': '967528853570469888', 'flags': 0, 'embeds': [], 'edited_timestamp': None, 'content': 'hola', 'components': [], 'channel_id': '964422766235381843', 'author': {'username': 'bot_tp_ing', 'public_flags': 0, 'id': '964421068276244480', 'discriminator': '3127', 'bot': True, 'avatar_decoration': None, 'avatar': None}, 'attachments': [], 'guild_id': '964422766235381840'}}
client.py: Dispatching event socket_response
client.py: Dispatching event message
http.py: POST https://discord.com/api/v7/channels/964422766235381843/messages with {"content":"hola"} has returned 200
http.py: POST https://discord.com/api/v7/channels/964422766235381843/messages has received {'id': '967528853570469888', 'type': 0, 'content': 'hola', 'channel_id': '964422766235381843', 'author': {'id': '964421068276244480', 'username': 'bot_tp_ing', 'avatar': None, 'avatar_decoration': None, 'discriminator': '3127', 'public_flags': 0, 'bot': True}, 'attachments': [], 'embeds': [], 'mentions': [], 'mention_roles': [], 'pinned': False, 'mention_everyone': False, 'tts': False, 'timestamp': '2022-04-23T20:54:14.508000+00:00', 'edited_timestamp': None, 'flags': 0, 'components': [], 'referenced_message': None}
client.py: Received signal to terminate bot and event loop.
client.py: Cleaning up tasks.
client.py: Cleaning up after 1 tasks.
client.py: All tasks finished cancelling.
client.py: Closing the event loop.
client.py: logging in using static token
http.py: GET https://discord.com/api/v7/users/@me with None has returned 200
http.py: GET https://discord.com/api/v7/users/@me has received {'id': '964421068276244480', 'username': 'bot_tp_ing', 'avatar': None, 'avatar_decoration': None, 'discriminator': '3127', 'public_flags': 0, 'flags': 0, 'bot': True, 'banner': None, 'banner_color': None, 'accent_color': None, 'bio': '', 'pronouns': '', 'locale': 'en-US', 'mfa_enabled': False, 'email': None, 'verified': True}
http.py: GET https://discord.com/api/v7/gateway with None has returned 200
http.py: GET https://discord.com/api/v7/gateway has received {'url': 'wss://gateway.discord.gg'}
gateway.py: Created websocket connected to wss://gateway.discord.gg?encoding=json&v=6&compress=zlib-stream
client.py: Dispatching event socket_raw_receive
gateway.py: For Shard ID None: WebSocket Event: {'t': None, 's': None, 'op': 10, 'd': {'heartbeat_interval': 41250, '_trace': ['["gateway-prd-main-wql2",{"micros":0.0}]']}}
client.py: Dispatching event socket_response
client.py: Dispatching event socket_raw_send
client.py: Dispatching event socket_raw_send
gateway.py: Shard ID None has sent the IDENTIFY payload.
client.py: Dispatching event socket_raw_receive
gateway.py: For Shard ID None: WebSocket Event: {'t': None, 's': None, 'op': 11, 'd': None}
client.py: Dispatching event socket_response
client.py: Dispatching event socket_raw_receive
gateway.py: For Shard ID None: WebSocket Event: {'t': 'READY', 's': 1, 'op': 0, 'd': {'v': 6, 'user_settings': {}, 'user': {'verified': True, 'username': 'bot_tp_ing', 'mfa_enabled': False, 'id': '964421068276244480', 'flags': 0, 'email': None, 'discriminator': '3127', 'bot': True, 'avatar': None}, 'session_id': 'e2fa8bdd42d4ae7b7f7a5868425acf8f', 'relationships': [], 'private_channels': [], 'presences': [], 'guilds': [{'unavailable': True, 'id': '964422766235381840'}], 'guild_join_requests': [], 'geo_ordered_rtc_regions': ['rotterdam', 'milan', 'madrid', 'stockholm', 'bucharest'], 'application': {'id': '964421068276244480', 'flags': 827392}, '_trace': ['["gateway-prd-main-wql2",{"micros":58650,"calls":["discord-sessions-blue-prd-2-26",{"micros":52232,"calls":["start_session",{"micros":42209,"calls":["discord-api-59dffdb7f6-th99c",{"micros":37366,"calls":["get_user",{"micros":7655},"add_authorized_ip",{"micros":1964},"get_guilds",{"micros":4939},"coros_wait",{"micros":1}]}]},"guilds_connect",{"micros":1,"calls":[]},"presence_connect",{"micros":8145,"calls":[]}]}]}]']}}
client.py: Dispatching event socket_response
gateway.py: Shard ID None has connected to Gateway: ["gateway-prd-main-wql2",{"micros":58650,"calls":["discord-sessions-blue-prd-2-26",{"micros":52232,"calls":["start_session",{"micros":42209,"calls":["discord-api-59dffdb7f6-th99c",{"micros":37366,"calls":["get_user",{"micros":7655},"add_authorized_ip",{"micros":1964},"get_guilds",{"micros":4939},"coros_wait",{"micros":1}]}]},"guilds_connect",{"micros":1,"calls":[]},"presence_connect",{"micros":8145,"calls":[]}]}]}] (Session ID: e2fa8bdd42d4ae7b7f7a5868425acf8f).
client.py: Dispatching event connect
client.py: Dispatching event socket_raw_receive
gateway.py: For Shard ID None: WebSocket Event: {'t': 'GUILD_CREATE', 's': 2, 'op': 0, 'd': {'system_channel_id': '964422766235381843', 'emojis': [], 'max_video_channel_users': 25, 'owner_id': '767142321782390815', 'name': 'Serveur de wiam', 'nsfw': False, 'premium_progress_bar_enabled': False, 'afk_channel_id': None, 'default_message_notifications': 0, 'embedded_activities': [], 'vanity_url_code': None, 'application_id': None, 'unavailable': False, 'banner': None, 'premium_subscription_count': 0, 'discovery_splash': None, 'nsfw_level': 0, 'verification_level': 0, 'premium_tier': 0, 'region': 'deprecated', 'icon': None, 'large': False, 'features': [], 'voice_states': [], 'members': [{'user': {'username': 'bot_tp_ing', 'id': '964421068276244480', 'discriminator': '3127', 'bot': True, 'avatar': None}, 'roles': ['964422912784339007'], 'mute': False, 'joined_at': '2022-04-15T07:12:20.577000+00:00', 'hoisted_role': None, 'flags': 0, 'deaf': False}], 'splash': None, 'rules_channel_id': None, 'description': None, 'threads': [], 'public_updates_channel_id': None, 'stickers': [], 'channels': [{'type': 4, 'position': 0, 'permission_overwrites': [], 'name': 'Text Channels', 'id': '964422766235381841', 'flags': 0}, {'type': 4, 'position': 0, 'permission_overwrites': [], 'name': 'Voice Channels', 'id': '964422766235381842', 'flags': 0}, {'type': 0, 'topic': None, 'rate_limit_per_user': 0, 'position': 0, 'permission_overwrites': [], 'parent_id': '964422766235381841', 'name': 'general', 'last_message_id': '967528853570469888', 'id': '964422766235381843', 'flags': 0}, {'user_limit': 0, 'type': 2, 'rtc_region': None, 'rate_limit_per_user': 0, 'position': 0, 'permission_overwrites': [], 'parent_id': '964422766235381842', 'name': 'General', 'last_message_id': None, 'id': '964422766235381844', 'flags': 0, 'bitrate': 64000}], 'id': '964422766235381840', 'application_command_counts': {'3': 0, '2': 0, '1': 0}, 'max_members': 500000, 'afk_timeout': 300, 'explicit_content_filter': 0, 'hub_type': None, 'system_channel_flags': 0, 'roles': [{'unicode_emoji': None, 'tags': {}, 'position': 0, 'permissions_new': '1071698660929', 'permissions': 104320577, 'name': '@everyone', 'mentionable': False, 'managed': False, 'id': '964422766235381840', 'icon': None, 'hoist': False, 'color': 0}, {'unicode_emoji': None, 'tags': {'bot_id': '964421068276244480'}, 'position': 1, 'permissions_new': '8', 'permissions': 8, 'name': 'bot_tp_ing', 'mentionable': False, 'managed': True, 'id': '964422912784339007', 'icon': None, 'hoist': False, 'color': 0}], 'guild_hashes': {'version': 1, 'roles': {'omitted': False, 'hash': 'QMIa+a7abKE'}, 'metadata': {'omitted': False, 'hash': 'LoqAg1blR6c'}, 'channels': {'omitted': False, 'hash': 'wh2okdn9upk'}}, 'stage_instances': [], 'lazy': True, 'presences': [], 'preferred_locale': 'en-US', 'guild_scheduled_events': [], 'mfa_level': 0, 'joined_at': '2022-04-15T07:12:20.577000+00:00', 'member_count': 3}}
client.py: Dispatching event socket_response
client.py: Dispatching event guild_available
client.py: Dispatching event ready
Logs.py: bot_tp_ing#3127 has connected to Discord!
client.py: Dispatching event socket_raw_receive
gateway.py: For Shard ID None: WebSocket Event: {'t': 'MESSAGE_CREATE', 's': 3, 'op': 0, 'd': {'type': 0, 'tts': False, 'timestamp': '2022-04-23T20:54:45.331000+00:00', 'referenced_message': None, 'pinned': False, 'nonce': '967528987133739008', 'mentions': [], 'mention_roles': [], 'mention_everyone': False, 'member': {'roles': [], 'mute': False, 'joined_at': '2022-04-15T07:11:45.591000+00:00', 'hoisted_role': None, 'flags': 0, 'deaf': False}, 'id': '967528982851493908', 'flags': 0, 'embeds': [], 'edited_timestamp': None, 'content': 'hello', 'components': [], 'channel_id': '964422766235381843', 'author': {'username': 'wiam', 'public_flags': 0, 'id': '767142321782390815', 'discriminator': '9974', 'avatar_decoration': None, 'avatar': None}, 'attachments': [], 'guild_id': '964422766235381840'}}
client.py: Dispatching event socket_response
client.py: Dispatching event message
client.py: Dispatching event socket_raw_receive
gateway.py: For Shard ID None: WebSocket Event: {'t': 'MESSAGE_CREATE', 's': 4, 'op': 0, 'd': {'type': 0, 'tts': False, 'timestamp': '2022-04-23T20:54:45.649000+00:00', 'referenced_message': None, 'pinned': False, 'mentions': [], 'mention_roles': [], 'mention_everyone': False, 'member': {'roles': ['964422912784339007'], 'mute': False, 'joined_at': '2022-04-15T07:12:20.577000+00:00', 'hoisted_role': None, 'flags': 0, 'deaf': False}, 'id': '967528984185290802', 'flags': 0, 'embeds': [], 'edited_timestamp': None, 'content': 'hola', 'components': [], 'channel_id': '964422766235381843', 'author': {'username': 'bot_tp_ing', 'public_flags': 0, 'id': '964421068276244480', 'discriminator': '3127', 'bot': True, 'avatar_decoration': None, 'avatar': None}, 'attachments': [], 'guild_id': '964422766235381840'}}
client.py: Dispatching event socket_response
client.py: Dispatching event message
http.py: POST https://discord.com/api/v7/channels/964422766235381843/messages with {"content":"hola"} has returned 200
http.py: POST https://discord.com/api/v7/channels/964422766235381843/messages has received {'id': '967528984185290802', 'type': 0, 'content': 'hola', 'channel_id': '964422766235381843', 'author': {'id': '964421068276244480', 'username': 'bot_tp_ing', 'avatar': None, 'avatar_decoration': None, 'discriminator': '3127', 'public_flags': 0, 'bot': True}, 'attachments': [], 'embeds': [], 'mentions': [], 'mention_roles': [], 'pinned': False, 'mention_everyone': False, 'tts': False, 'timestamp': '2022-04-23T20:54:45.649000+00:00', 'edited_timestamp': None, 'flags': 0, 'components': [], 'referenced_message': None}
client.py: Dispatching event socket_raw_receive
gateway.py: For Shard ID None: WebSocket Event: {'t': 'MESSAGE_CREATE', 's': 5, 'op': 0, 'd': {'type': 0, 'tts': False, 'timestamp': '2022-04-23T20:54:48.295000+00:00', 'referenced_message': None, 'pinned': False, 'nonce': '967528999620182016', 'mentions': [], 'mention_roles': [], 'mention_everyone': False, 'member': {'roles': [], 'mute': False, 'joined_at': '2022-04-15T07:11:45.591000+00:00', 'hoisted_role': None, 'flags': 0, 'deaf': False}, 'id': '967528995283402804', 'flags': 0, 'embeds': [], 'edited_timestamp': None, 'content': 'help', 'components': [], 'channel_id': '964422766235381843', 'author': {'username': 'wiam', 'public_flags': 0, 'id': '767142321782390815', 'discriminator': '9974', 'avatar_decoration': None, 'avatar': None}, 'attachments': [], 'guild_id': '964422766235381840'}}
client.py: Dispatching event socket_response
client.py: Dispatching event message
client.py: Dispatching event socket_raw_receive
gateway.py: For Shard ID None: WebSocket Event: {'t': 'MESSAGE_CREATE', 's': 6, 'op': 0, 'd': {'type': 0, 'tts': False, 'timestamp': '2022-04-23T20:54:48.636000+00:00', 'referenced_message': None, 'pinned': False, 'mentions': [], 'mention_roles': [], 'mention_everyone': False, 'member': {'roles': ['964422912784339007'], 'mute': False, 'joined_at': '2022-04-15T07:12:20.577000+00:00', 'hoisted_role': None, 'flags': 0, 'deaf': False}, 'id': '967528996713689238', 'flags': 0, 'embeds': [], 'edited_timestamp': None, 'content': "Les differentes commandes utilisables sont: help, hello, !del suivis d'un nombre (pour supprimer les messages précédents)", 'components': [], 'channel_id': '964422766235381843', 'author': {'username': 'bot_tp_ing', 'public_flags': 0, 'id': '964421068276244480', 'discriminator': '3127', 'bot': True, 'avatar_decoration': None, 'avatar': None}, 'attachments': [], 'guild_id': '964422766235381840'}}
client.py: Dispatching event socket_response
client.py: Dispatching event message
http.py: POST https://discord.com/api/v7/channels/964422766235381843/messages with {"content":"Les differentes commandes utilisables sont: help, hello, !del suivis d'un nombre (pour supprimer les messages pr\u00e9c\u00e9dents)"} has returned 200
http.py: POST https://discord.com/api/v7/channels/964422766235381843/messages has received {'id': '967528996713689238', 'type': 0, 'content': "Les differentes commandes utilisables sont: help, hello, !del suivis d'un nombre (pour supprimer les messages précédents)", 'channel_id': '964422766235381843', 'author': {'id': '964421068276244480', 'username': 'bot_tp_ing', 'avatar': None, 'avatar_decoration': None, 'discriminator': '3127', 'public_flags': 0, 'bot': True}, 'attachments': [], 'embeds': [], 'mentions': [], 'mention_roles': [], 'pinned': False, 'mention_everyone': False, 'tts': False, 'timestamp': '2022-04-23T20:54:48.636000+00:00', 'edited_timestamp': None, 'flags': 0, 'components': [], 'referenced_message': None}
gateway.py: Keeping shard ID None websocket alive with sequence 6.
client.py: Dispatching event socket_raw_receive
gateway.py: For Shard ID None: WebSocket Event: {'t': None, 's': None, 'op': 11, 'd': None}
client.py: Dispatching event socket_response
gateway.py: Keeping shard ID None websocket alive with sequence 6.
client.py: Dispatching event socket_raw_receive
gateway.py: For Shard ID None: WebSocket Event: {'t': None, 's': None, 'op': 11, 'd': None}
client.py: Dispatching event socket_response
gateway.py: Keeping shard ID None websocket alive with sequence 6.
client.py: Dispatching event socket_raw_receive
gateway.py: For Shard ID None: WebSocket Event: {'t': None, 's': None, 'op': 11, 'd': None}
client.py: Dispatching event socket_response
gateway.py: Keeping shard ID None websocket alive with sequence 6.
client.py: Dispatching event socket_raw_receive
gateway.py: For Shard ID None: WebSocket Event: {'t': None, 's': None, 'op': 11, 'd': None}
client.py: Dispatching event socket_response
gateway.py: Keeping shard ID None websocket alive with sequence 6.
client.py: Dispatching event socket_raw_receive
gateway.py: For Shard ID None: WebSocket Event: {'t': None, 's': None, 'op': 11, 'd': None}
client.py: Dispatching event socket_response
client.py: Received signal to terminate bot and event loop.
client.py: Cleaning up tasks.
client.py: Cleaning up after 1 tasks.
client.py: All tasks finished cancelling.
client.py: Closing the event loop.
client.py: logging in using static token
http.py: GET https://discord.com/api/v7/users/@me with None has returned 200
http.py: GET https://discord.com/api/v7/users/@me has received {'id': '964421068276244480', 'username': 'bot_tp_ing', 'avatar': None, 'avatar_decoration': None, 'discriminator': '3127', 'public_flags': 0, 'flags': 0, 'bot': True, 'banner': None, 'banner_color': None, 'accent_color': None, 'bio': '', 'pronouns': '', 'locale': 'en-US', 'mfa_enabled': False, 'email': None, 'verified': True}
http.py: GET https://discord.com/api/v7/gateway with None has returned 200
http.py: GET https://discord.com/api/v7/gateway has received {'url': 'wss://gateway.discord.gg'}
gateway.py: Created websocket connected to wss://gateway.discord.gg?encoding=json&v=6&compress=zlib-stream
client.py: Dispatching event socket_raw_receive
gateway.py: For Shard ID None: WebSocket Event: {'t': None, 's': None, 'op': 10, 'd': {'heartbeat_interval': 41250, '_trace': ['["gateway-prd-main-klrm",{"micros":0.0}]']}}
client.py: Dispatching event socket_response
client.py: Dispatching event socket_raw_send
client.py: Dispatching event socket_raw_send
gateway.py: Shard ID None has sent the IDENTIFY payload.
client.py: Dispatching event socket_raw_receive
gateway.py: For Shard ID None: WebSocket Event: {'t': None, 's': None, 'op': 11, 'd': None}
client.py: Dispatching event socket_response
client.py: Dispatching event socket_raw_receive
gateway.py: For Shard ID None: WebSocket Event: {'t': 'READY', 's': 1, 'op': 0, 'd': {'v': 6, 'user_settings': {}, 'user': {'verified': True, 'username': 'bot_tp_ing', 'mfa_enabled': False, 'id': '964421068276244480', 'flags': 0, 'email': None, 'discriminator': '3127', 'bot': True, 'avatar': None}, 'session_id': '0a85449a43d10a9646b2dd69a952e2b3', 'relationships': [], 'private_channels': [], 'presences': [], 'guilds': [{'unavailable': True, 'id': '964422766235381840'}], 'guild_join_requests': [], 'geo_ordered_rtc_regions': ['rotterdam', 'milan', 'madrid', 'stockholm', 'bucharest'], 'application': {'id': '964421068276244480', 'flags': 827392}, '_trace': ['["gateway-prd-main-klrm",{"micros":74098,"calls":["discord-sessions-blue-prd-2-15",{"micros":69283,"calls":["start_session",{"micros":48666,"calls":["discord-api-59dffdb7f6-vpzst",{"micros":44358,"calls":["get_user",{"micros":8230},"add_authorized_ip",{"micros":3934},"get_guilds",{"micros":5200},"coros_wait",{"micros":1}]}]},"guilds_connect",{"micros":1,"calls":[]},"presence_connect",{"micros":18229,"calls":[]}]}]}]']}}
client.py: Dispatching event socket_response
gateway.py: Shard ID None has connected to Gateway: ["gateway-prd-main-klrm",{"micros":74098,"calls":["discord-sessions-blue-prd-2-15",{"micros":69283,"calls":["start_session",{"micros":48666,"calls":["discord-api-59dffdb7f6-vpzst",{"micros":44358,"calls":["get_user",{"micros":8230},"add_authorized_ip",{"micros":3934},"get_guilds",{"micros":5200},"coros_wait",{"micros":1}]}]},"guilds_connect",{"micros":1,"calls":[]},"presence_connect",{"micros":18229,"calls":[]}]}]}] (Session ID: 0a85449a43d10a9646b2dd69a952e2b3).
client.py: Dispatching event connect
client.py: Dispatching event socket_raw_receive
gateway.py: For Shard ID None: WebSocket Event: {'t': 'GUILD_CREATE', 's': 2, 'op': 0, 'd': {'afk_timeout': 300, 'default_message_notifications': 0, 'joined_at': '2022-04-15T07:12:20.577000+00:00', 'premium_tier': 0, 'name': 'Serveur de wiam', 'splash': None, 'hub_type': None, 'embedded_activities': [], 'premium_progress_bar_enabled': False, 'rules_channel_id': None, 'public_updates_channel_id': None, 'banner': None, 'emojis': [], 'nsfw': False, 'roles': [{'unicode_emoji': None, 'tags': {}, 'position': 0, 'permissions_new': '1071698660929', 'permissions': 104320577, 'name': '@everyone', 'mentionable': False, 'managed': False, 'id': '964422766235381840', 'icon': None, 'hoist': False, 'color': 0}, {'unicode_emoji': None, 'tags': {'bot_id': '964421068276244480'}, 'position': 1, 'permissions_new': '8', 'permissions': 8, 'name': 'bot_tp_ing', 'mentionable': False, 'managed': True, 'id': '964422912784339007', 'icon': None, 'hoist': False, 'color': 0}], 'explicit_content_filter': 0, 'stickers': [], 'unavailable': False, 'guild_scheduled_events': [], 'preferred_locale': 'en-US', 'stage_instances': [], 'system_channel_id': '964422766235381843', 'presences': [], 'large': False, 'max_members': 500000, 'mfa_level': 0, 'description': None, 'icon': None, 'max_video_channel_users': 25, 'vanity_url_code': None, 'threads': [], 'member_count': 3, 'region': 'deprecated', 'discovery_splash': None, 'id': '964422766235381840', 'application_command_counts': {'3': 0, '2': 0, '1': 0}, 'guild_hashes': {'version': 1, 'roles': {'omitted': False, 'hash': 'QMIa+a7abKE'}, 'metadata': {'omitted': False, 'hash': 'LoqAg1blR6c'}, 'channels': {'omitted': False, 'hash': 'wh2okdn9upk'}}, 'system_channel_flags': 0, 'application_id': None, 'lazy': True, 'afk_channel_id': None, 'voice_states': [], 'features': [], 'owner_id': '767142321782390815', 'premium_subscription_count': 0, 'nsfw_level': 0, 'members': [{'user': {'username': 'bot_tp_ing', 'id': '964421068276244480', 'discriminator': '3127', 'bot': True, 'avatar': None}, 'roles': ['964422912784339007'], 'mute': False, 'joined_at': '2022-04-15T07:12:20.577000+00:00', 'hoisted_role': None, 'flags': 0, 'deaf': False}], 'verification_level': 0, 'channels': [{'type': 4, 'position': 0, 'permission_overwrites': [], 'name': 'Text Channels', 'id': '964422766235381841', 'flags': 0}, {'type': 4, 'position': 0, 'permission_overwrites': [], 'name': 'Voice Channels', 'id': '964422766235381842', 'flags': 0}, {'type': 0, 'topic': None, 'rate_limit_per_user': 0, 'position': 0, 'permission_overwrites': [], 'parent_id': '964422766235381841', 'name': 'general', 'last_message_id': '967528996713689238', 'id': '964422766235381843', 'flags': 0}, {'user_limit': 0, 'type': 2, 'rtc_region': None, 'rate_limit_per_user': 0, 'position': 0, 'permission_overwrites': [], 'parent_id': '964422766235381842', 'name': 'General', 'last_message_id': None, 'id': '964422766235381844', 'flags': 0, 'bitrate': 64000}]}}
client.py: Dispatching event socket_response
client.py: Dispatching event guild_available
client.py: Dispatching event ready
Logs.py: bot_tp_ing#3127 has connected to Discord!
gateway.py: Keeping shard ID None websocket alive with sequence 2.
client.py: Dispatching event socket_raw_receive
gateway.py: For Shard ID None: WebSocket Event: {'t': None, 's': None, 'op': 11, 'd': None}
client.py: Dispatching event socket_response
gateway.py: Keeping shard ID None websocket alive with sequence 2.
client.py: Dispatching event socket_raw_receive
gateway.py: For Shard ID None: WebSocket Event: {'t': None, 's': None, 'op': 11, 'd': None}
client.py: Dispatching event socket_response
gateway.py: Keeping shard ID None websocket alive with sequence 2.
client.py: Dispatching event socket_raw_receive
gateway.py: For Shard ID None: WebSocket Event: {'t': None, 's': None, 'op': 11, 'd': None}
client.py: Dispatching event socket_response
gateway.py: Keeping shard ID None websocket alive with sequence 2.
client.py: Dispatching event socket_raw_receive
gateway.py: For Shard ID None: WebSocket Event: {'t': None, 's': None, 'op': 11, 'd': None}
client.py: Dispatching event socket_response
gateway.py: Keeping shard ID None websocket alive with sequence 2.
client.py: Dispatching event socket_raw_receive
gateway.py: For Shard ID None: WebSocket Event: {'t': None, 's': None, 'op': 11, 'd': None}
client.py: Dispatching event socket_response
client.py: Received signal to terminate bot and event loop.
client.py: Cleaning up tasks.
client.py: Cleaning up after 1 tasks.
client.py: All tasks finished cancelling.
client.py: Closing the event loop.
client.py: logging in using static token
http.py: GET https://discord.com/api/v7/users/@me with None has returned 200
http.py: GET https://discord.com/api/v7/users/@me has received {'id': '964421068276244480', 'username': 'bot_tp_ing', 'avatar': None, 'avatar_decoration': None, 'discriminator': '3127', 'public_flags': 0, 'flags': 0, 'bot': True, 'banner': None, 'banner_color': None, 'accent_color': None, 'bio': '', 'pronouns': '', 'locale': 'en-US', 'mfa_enabled': False, 'email': None, 'verified': True}
http.py: GET https://discord.com/api/v7/gateway with None has returned 200
http.py: GET https://discord.com/api/v7/gateway has received {'url': 'wss://gateway.discord.gg'}
gateway.py: Created websocket connected to wss://gateway.discord.gg?encoding=json&v=6&compress=zlib-stream
client.py: Dispatching event socket_raw_receive
gateway.py: For Shard ID None: WebSocket Event: {'t': None, 's': None, 'op': 10, 'd': {'heartbeat_interval': 41250, '_trace': ['["gateway-prd-main-qj3j",{"micros":0.0}]']}}
client.py: Dispatching event socket_response
client.py: Dispatching event socket_raw_send
client.py: Dispatching event socket_raw_send
gateway.py: Shard ID None has sent the IDENTIFY payload.
client.py: Dispatching event socket_raw_receive
gateway.py: For Shard ID None: WebSocket Event: {'t': None, 's': None, 'op': 11, 'd': None}
client.py: Dispatching event socket_response
client.py: Dispatching event socket_raw_receive
gateway.py: For Shard ID None: WebSocket Event: {'t': 'READY', 's': 1, 'op': 0, 'd': {'v': 6, 'user_settings': {}, 'user': {'verified': True, 'username': 'bot_tp_ing', 'mfa_enabled': False, 'id': '964421068276244480', 'flags': 0, 'email': None, 'discriminator': '3127', 'bot': True, 'avatar': None}, 'session_id': '71710b314b2a458f35b7f53a71ed3ff5', 'relationships': [], 'private_channels': [], 'presences': [], 'guilds': [{'unavailable': True, 'id': '964422766235381840'}], 'guild_join_requests': [], 'geo_ordered_rtc_regions': ['rotterdam', 'milan', 'madrid', 'stockholm', 'bucharest'], 'application': {'id': '964421068276244480', 'flags': 827392}, '_trace': ['["gateway-prd-main-qj3j",{"micros":128165,"calls":["discord-sessions-blue-prd-2-150",{"micros":121735,"calls":["start_session",{"micros":103074,"calls":["discord-api-59dffdb7f6-mppmg",{"micros":97359,"calls":["get_user",{"micros":17962},"add_authorized_ip",{"micros":11389},"get_guilds",{"micros":6488},"coros_wait",{"micros":1}]}]},"guilds_connect",{"micros":2,"calls":[]},"presence_connect",{"micros":7814,"calls":[]}]}]}]']}}
client.py: Dispatching event socket_response
gateway.py: Shard ID None has connected to Gateway: ["gateway-prd-main-qj3j",{"micros":128165,"calls":["discord-sessions-blue-prd-2-150",{"micros":121735,"calls":["start_session",{"micros":103074,"calls":["discord-api-59dffdb7f6-mppmg",{"micros":97359,"calls":["get_user",{"micros":17962},"add_authorized_ip",{"micros":11389},"get_guilds",{"micros":6488},"coros_wait",{"micros":1}]}]},"guilds_connect",{"micros":2,"calls":[]},"presence_connect",{"micros":7814,"calls":[]}]}]}] (Session ID: 71710b314b2a458f35b7f53a71ed3ff5).
client.py: Dispatching event connect
client.py: Dispatching event socket_raw_receive
gateway.py: For Shard ID None: WebSocket Event: {'t': 'GUILD_CREATE', 's': 2, 'op': 0, 'd': {'name': 'Serveur de wiam', 'splash': None, 'nsfw': False, 'premium_progress_bar_enabled': False, 'system_channel_id': '964422766235381843', 'icon': None, 'rules_channel_id': None, 'mfa_level': 0, 'region': 'deprecated', 'member_count': 3, 'max_members': 500000, 'large': False, 'explicit_content_filter': 0, 'preferred_locale': 'en-US', 'application_id': None, 'features': [], 'guild_scheduled_events': [], 'hub_type': None, 'application_command_counts': {'3': 0, '2': 0, '1': 0}, 'joined_at': '2022-04-15T07:12:20.577000+00:00', 'max_video_channel_users': 25, 'unavailable': False, 'afk_channel_id': None, 'stage_instances': [], 'roles': [{'unicode_emoji': None, 'tags': {}, 'position': 0, 'permissions_new': '1071698660929', 'permissions': 104320577, 'name': '@everyone', 'mentionable': False, 'managed': False, 'id': '964422766235381840', 'icon': None, 'hoist': False, 'color': 0}, {'unicode_emoji': None, 'tags': {'bot_id': '964421068276244480'}, 'position': 1, 'permissions_new': '8', 'permissions': 8, 'name': 'bot_tp_ing', 'mentionable': False, 'managed': True, 'id': '964422912784339007', 'icon': None, 'hoist': False, 'color': 0}], 'public_updates_channel_id': None, 'members': [{'user': {'username': 'bot_tp_ing', 'id': '964421068276244480', 'discriminator': '3127', 'bot': True, 'avatar': None}, 'roles': ['964422912784339007'], 'mute': False, 'joined_at': '2022-04-15T07:12:20.577000+00:00', 'hoisted_role': None, 'flags': 0, 'deaf': False}], 'description': None, 'threads': [], 'emojis': [], 'default_message_notifications': 0, 'verification_level': 0, 'lazy': True, 'system_channel_flags': 0, 'id': '964422766235381840', 'nsfw_level': 0, 'guild_hashes': {'version': 1, 'roles': {'omitted': False, 'hash': 'QMIa+a7abKE'}, 'metadata': {'omitted': False, 'hash': 'LoqAg1blR6c'}, 'channels': {'omitted': False, 'hash': 'wh2okdn9upk'}}, 'afk_timeout': 300, 'discovery_splash': None, 'vanity_url_code': None, 'banner': None, 'embedded_activities': [], 'channels': [{'type': 4, 'position': 0, 'permission_overwrites': [], 'name': 'Text Channels', 'id': '964422766235381841', 'flags': 0}, {'type': 4, 'position': 0, 'permission_overwrites': [], 'name': 'Voice Channels', 'id': '964422766235381842', 'flags': 0}, {'type': 0, 'topic': None, 'rate_limit_per_user': 0, 'position': 0, 'permission_overwrites': [], 'parent_id': '964422766235381841', 'name': 'general', 'last_message_id': '967528996713689238', 'id': '964422766235381843', 'flags': 0}, {'user_limit': 0, 'type': 2, 'rtc_region': None, 'rate_limit_per_user': 0, 'position': 0, 'permission_overwrites': [], 'parent_id': '964422766235381842', 'name': 'General', 'last_message_id': None, 'id': '964422766235381844', 'flags': 0, 'bitrate': 64000}], 'premium_subscription_count': 0, 'premium_tier': 0, 'stickers': [], 'presences': [], 'owner_id': '767142321782390815', 'voice_states': []}}
client.py: Dispatching event socket_response
client.py: Dispatching event guild_available
client.py: Dispatching event ready
Logs.py: bot_tp_ing#3127 has connected to Discord!
client.py: Dispatching event socket_raw_receive
gateway.py: For Shard ID None: WebSocket Event: {'t': 'MESSAGE_CREATE', 's': 3, 'op': 0, 'd': {'type': 0, 'tts': False, 'timestamp': '2022-04-23T21:02:23.708000+00:00', 'referenced_message': None, 'pinned': False, 'nonce': '967530909794304000', 'mentions': [], 'mention_roles': [], 'mention_everyone': False, 'member': {'roles': [], 'mute': False, 'joined_at': '2022-04-15T07:11:45.591000+00:00', 'hoisted_role': None, 'flags': 0, 'deaf': False}, 'id': '967530905423978657', 'flags': 0, 'embeds': [], 'edited_timestamp': None, 'content': 'help', 'components': [], 'channel_id': '964422766235381843', 'author': {'username': 'wiam', 'public_flags': 0, 'id': '767142321782390815', 'discriminator': '9974', 'avatar_decoration': None, 'avatar': None}, 'attachments': [], 'guild_id': '964422766235381840'}}
client.py: Dispatching event socket_response
client.py: Dispatching event message
client.py: Dispatching event socket_raw_receive
gateway.py: For Shard ID None: WebSocket Event: {'t': 'MESSAGE_CREATE', 's': 4, 'op': 0, 'd': {'type': 0, 'tts': False, 'timestamp': '2022-04-23T21:02:24.678000+00:00', 'referenced_message': None, 'pinned': False, 'mentions': [], 'mention_roles': [], 'mention_everyone': False, 'member': {'roles': ['964422912784339007'], 'mute': False, 'joined_at': '2022-04-15T07:12:20.577000+00:00', 'hoisted_role': None, 'flags': 0, 'deaf': False}, 'id': '967530909492449421', 'flags': 0, 'embeds': [], 'edited_timestamp': None, 'content': "Les differentes commandes utilisables sont: help, hello, !del suivis d'un nombre (pour supprimer les messages précédents)", 'components': [], 'channel_id': '964422766235381843', 'author': {'username': 'bot_tp_ing', 'public_flags': 0, 'id': '964421068276244480', 'discriminator': '3127', 'bot': True, 'avatar_decoration': None, 'avatar': None}, 'attachments': [], 'guild_id': '964422766235381840'}}
client.py: Dispatching event socket_response
client.py: Dispatching event message
http.py: POST https://discord.com/api/v7/channels/964422766235381843/messages with {"content":"Les differentes commandes utilisables sont: help, hello, !del suivis d'un nombre (pour supprimer les messages pr\u00e9c\u00e9dents)"} has returned 200
http.py: POST https://discord.com/api/v7/channels/964422766235381843/messages has received {'id': '967530909492449421', 'type': 0, 'content': "Les differentes commandes utilisables sont: help, hello, !del suivis d'un nombre (pour supprimer les messages précédents)", 'channel_id': '964422766235381843', 'author': {'id': '964421068276244480', 'username': 'bot_tp_ing', 'avatar': None, 'avatar_decoration': None, 'discriminator': '3127', 'public_flags': 0, 'bot': True}, 'attachments': [], 'embeds': [], 'mentions': [], 'mention_roles': [], 'pinned': False, 'mention_everyone': False, 'tts': False, 'timestamp': '2022-04-23T21:02:24.678000+00:00', 'edited_timestamp': None, 'flags': 0, 'components': [], 'referenced_message': None}
gateway.py: Keeping shard ID None websocket alive with sequence 4.
client.py: Dispatching event socket_raw_receive
gateway.py: For Shard ID None: WebSocket Event: {'t': None, 's': None, 'op': 11, 'd': None}
client.py: Dispatching event socket_response
gateway.py: Keeping shard ID None websocket alive with sequence 4.
client.py: Dispatching event socket_raw_receive
gateway.py: For Shard ID None: WebSocket Event: {'t': None, 's': None, 'op': 11, 'd': None}
client.py: Dispatching event socket_response
gateway.py: Keeping shard ID None websocket alive with sequence 4.
client.py: Dispatching event socket_raw_receive
gateway.py: For Shard ID None: WebSocket Event: {'t': None, 's': None, 'op': 11, 'd': None}
client.py: Dispatching event socket_response
gateway.py: Keeping shard ID None websocket alive with sequence 4.
client.py: Dispatching event socket_raw_receive
gateway.py: For Shard ID None: WebSocket Event: {'t': None, 's': None, 'op': 11, 'd': None}
client.py: Dispatching event socket_response
gateway.py: Keeping shard ID None websocket alive with sequence 4.
client.py: Dispatching event socket_raw_receive
gateway.py: For Shard ID None: WebSocket Event: {'t': None, 's': None, 'op': 11, 'd': None}
client.py: Dispatching event socket_response
gateway.py: Keeping shard ID None websocket alive with sequence 4.
client.py: Dispatching event socket_raw_receive
gateway.py: For Shard ID None: WebSocket Event: {'t': None, 's': None, 'op': 11, 'd': None}
client.py: Dispatching event socket_response
gateway.py: Keeping shard ID None websocket alive with sequence 4.
client.py: Dispatching event socket_raw_receive
gateway.py: For Shard ID None: WebSocket Event: {'t': None, 's': None, 'op': 11, 'd': None}
client.py: Dispatching event socket_response
gateway.py: Keeping shard ID None websocket alive with sequence 4.
client.py: Dispatching event socket_raw_receive
gateway.py: For Shard ID None: WebSocket Event: {'t': None, 's': None, 'op': 11, 'd': None}
client.py: Dispatching event socket_response
gateway.py: Keeping shard ID None websocket alive with sequence 4.
client.py: Dispatching event socket_raw_receive
gateway.py: For Shard ID None: WebSocket Event: {'t': None, 's': None, 'op': 11, 'd': None}
client.py: Dispatching event socket_response
gateway.py: Keeping shard ID None websocket alive with sequence 4.
client.py: Dispatching event socket_raw_receive
gateway.py: For Shard ID None: WebSocket Event: {'t': None, 's': None, 'op': 11, 'd': None}
client.py: Dispatching event socket_response
gateway.py: Keeping shard ID None websocket alive with sequence 4.
gateway.py: Timed out receiving packet. Attempting a reconnect.
client.py: Got a request to RESUME the websocket.
client.py: Dispatching event disconnect
client.py: Dispatching event disconnect
client.py: Attempting a reconnect in 1.66s
Traceback (most recent call last):
  File "C:\TP4\envtp4\lib\site-packages\aiohttp\connector.py", line 999, in _create_direct_connection
    hosts = await asyncio.shield(host_resolved)
  File "C:\TP4\envtp4\lib\site-packages\aiohttp\connector.py", line 865, in _resolve_host
    addrs = await self._resolver.resolve(host, port, family=self._family)
  File "C:\TP4\envtp4\lib\site-packages\aiohttp\resolver.py", line 31, in resolve
    infos = await self._loop.getaddrinfo(
  File "C:\Users\wiamk\AppData\Local\Programs\Python\Python310\lib\asyncio\base_events.py", line 855, in getaddrinfo
    return await self.run_in_executor(
  File "C:\Users\wiamk\AppData\Local\Programs\Python\Python310\lib\concurrent\futures\thread.py", line 58, in run
    result = self.fn(*self.args, **self.kwargs)
  File "C:\Users\wiamk\AppData\Local\Programs\Python\Python310\lib\socket.py", line 955, in getaddrinfo
    for res in _socket.getaddrinfo(host, port, family, type, proto, flags):
socket.gaierror: [Errno 11001] getaddrinfo failed

The above exception was the direct cause of the following exception:

Traceback (most recent call last):
  File "C:\TP4\envtp4\lib\site-packages\discord\client.py", line 563, in connect
    self.ws = await asyncio.wait_for(coro, timeout=60.0)
  File "C:\Users\wiamk\AppData\Local\Programs\Python\Python310\lib\asyncio\tasks.py", line 445, in wait_for
    return fut.result()
  File "C:\TP4\envtp4\lib\site-packages\discord\gateway.py", line 305, in from_client
    gateway = gateway or await client.http.get_gateway()
  File "C:\TP4\envtp4\lib\site-packages\discord\http.py", line 967, in get_gateway
    data = await self.request(Route('GET', '/gateway'))
  File "C:\TP4\envtp4\lib\site-packages\discord\http.py", line 192, in request
    async with self.__session.request(method, url, **kwargs) as r:
  File "C:\TP4\envtp4\lib\site-packages\aiohttp\client.py", line 1117, in __aenter__
    self._resp = await self._coro
  File "C:\TP4\envtp4\lib\site-packages\aiohttp\client.py", line 520, in _request
    conn = await self._connector.connect(
  File "C:\TP4\envtp4\lib\site-packages\aiohttp\connector.py", line 535, in connect
    proto = await self._create_connection(req, traces, timeout)
  File "C:\TP4\envtp4\lib\site-packages\aiohttp\connector.py", line 892, in _create_connection
    _, proto = await self._create_direct_connection(req, traces, timeout)
  File "C:\TP4\envtp4\lib\site-packages\aiohttp\connector.py", line 1011, in _create_direct_connection
    raise ClientConnectorError(req.connection_key, exc) from exc
aiohttp.client_exceptions.ClientConnectorError: Cannot connect to host discord.com:443 ssl:default [getaddrinfo failed]
client.py: Dispatching event disconnect
client.py: Attempting a reconnect in 3.83s
Traceback (most recent call last):
  File "C:\TP4\envtp4\lib\site-packages\aiohttp\connector.py", line 999, in _create_direct_connection
    hosts = await asyncio.shield(host_resolved)
  File "C:\TP4\envtp4\lib\site-packages\aiohttp\connector.py", line 865, in _resolve_host
    addrs = await self._resolver.resolve(host, port, family=self._family)
  File "C:\TP4\envtp4\lib\site-packages\aiohttp\resolver.py", line 31, in resolve
    infos = await self._loop.getaddrinfo(
  File "C:\Users\wiamk\AppData\Local\Programs\Python\Python310\lib\asyncio\base_events.py", line 855, in getaddrinfo
    return await self.run_in_executor(
  File "C:\Users\wiamk\AppData\Local\Programs\Python\Python310\lib\concurrent\futures\thread.py", line 58, in run
    result = self.fn(*self.args, **self.kwargs)
  File "C:\Users\wiamk\AppData\Local\Programs\Python\Python310\lib\socket.py", line 955, in getaddrinfo
    for res in _socket.getaddrinfo(host, port, family, type, proto, flags):
socket.gaierror: [Errno 11001] getaddrinfo failed

The above exception was the direct cause of the following exception:

Traceback (most recent call last):
  File "C:\TP4\envtp4\lib\site-packages\discord\client.py", line 563, in connect
    self.ws = await asyncio.wait_for(coro, timeout=60.0)
  File "C:\Users\wiamk\AppData\Local\Programs\Python\Python310\lib\asyncio\tasks.py", line 445, in wait_for
    return fut.result()
  File "C:\TP4\envtp4\lib\site-packages\discord\gateway.py", line 305, in from_client
    gateway = gateway or await client.http.get_gateway()
  File "C:\TP4\envtp4\lib\site-packages\discord\http.py", line 967, in get_gateway
    data = await self.request(Route('GET', '/gateway'))
  File "C:\TP4\envtp4\lib\site-packages\discord\http.py", line 192, in request
    async with self.__session.request(method, url, **kwargs) as r:
  File "C:\TP4\envtp4\lib\site-packages\aiohttp\client.py", line 1117, in __aenter__
    self._resp = await self._coro
  File "C:\TP4\envtp4\lib\site-packages\aiohttp\client.py", line 520, in _request
    conn = await self._connector.connect(
  File "C:\TP4\envtp4\lib\site-packages\aiohttp\connector.py", line 535, in connect
    proto = await self._create_connection(req, traces, timeout)
  File "C:\TP4\envtp4\lib\site-packages\aiohttp\connector.py", line 892, in _create_connection
    _, proto = await self._create_direct_connection(req, traces, timeout)
  File "C:\TP4\envtp4\lib\site-packages\aiohttp\connector.py", line 1011, in _create_direct_connection
    raise ClientConnectorError(req.connection_key, exc) from exc
aiohttp.client_exceptions.ClientConnectorError: Cannot connect to host discord.com:443 ssl:default [getaddrinfo failed]
client.py: Dispatching event disconnect
client.py: Attempting a reconnect in 6.01s
Traceback (most recent call last):
  File "C:\TP4\envtp4\lib\site-packages\aiohttp\connector.py", line 999, in _create_direct_connection
    hosts = await asyncio.shield(host_resolved)
  File "C:\TP4\envtp4\lib\site-packages\aiohttp\connector.py", line 865, in _resolve_host
    addrs = await self._resolver.resolve(host, port, family=self._family)
  File "C:\TP4\envtp4\lib\site-packages\aiohttp\resolver.py", line 31, in resolve
    infos = await self._loop.getaddrinfo(
  File "C:\Users\wiamk\AppData\Local\Programs\Python\Python310\lib\asyncio\base_events.py", line 855, in getaddrinfo
    return await self.run_in_executor(
  File "C:\Users\wiamk\AppData\Local\Programs\Python\Python310\lib\concurrent\futures\thread.py", line 58, in run
    result = self.fn(*self.args, **self.kwargs)
  File "C:\Users\wiamk\AppData\Local\Programs\Python\Python310\lib\socket.py", line 955, in getaddrinfo
    for res in _socket.getaddrinfo(host, port, family, type, proto, flags):
socket.gaierror: [Errno 11001] getaddrinfo failed

The above exception was the direct cause of the following exception:

Traceback (most recent call last):
  File "C:\TP4\envtp4\lib\site-packages\discord\client.py", line 563, in connect
    self.ws = await asyncio.wait_for(coro, timeout=60.0)
  File "C:\Users\wiamk\AppData\Local\Programs\Python\Python310\lib\asyncio\tasks.py", line 445, in wait_for
    return fut.result()
  File "C:\TP4\envtp4\lib\site-packages\discord\gateway.py", line 305, in from_client
    gateway = gateway or await client.http.get_gateway()
  File "C:\TP4\envtp4\lib\site-packages\discord\http.py", line 967, in get_gateway
    data = await self.request(Route('GET', '/gateway'))
  File "C:\TP4\envtp4\lib\site-packages\discord\http.py", line 192, in request
    async with self.__session.request(method, url, **kwargs) as r:
  File "C:\TP4\envtp4\lib\site-packages\aiohttp\client.py", line 1117, in __aenter__
    self._resp = await self._coro
  File "C:\TP4\envtp4\lib\site-packages\aiohttp\client.py", line 520, in _request
    conn = await self._connector.connect(
  File "C:\TP4\envtp4\lib\site-packages\aiohttp\connector.py", line 535, in connect
    proto = await self._create_connection(req, traces, timeout)
  File "C:\TP4\envtp4\lib\site-packages\aiohttp\connector.py", line 892, in _create_connection
    _, proto = await self._create_direct_connection(req, traces, timeout)
  File "C:\TP4\envtp4\lib\site-packages\aiohttp\connector.py", line 1011, in _create_direct_connection
    raise ClientConnectorError(req.connection_key, exc) from exc
aiohttp.client_exceptions.ClientConnectorError: Cannot connect to host discord.com:443 ssl:default [getaddrinfo failed]
http.py: GET https://discord.com/api/v7/gateway with None has returned 200
http.py: GET https://discord.com/api/v7/gateway has received {'url': 'wss://gateway.discord.gg'}
gateway.py: Created websocket connected to wss://gateway.discord.gg?encoding=json&v=6&compress=zlib-stream
client.py: Dispatching event socket_raw_receive
gateway.py: For Shard ID None: WebSocket Event: {'t': None, 's': None, 'op': 10, 'd': {'heartbeat_interval': 41250, '_trace': ['["gateway-prd-main-zvf8",{"micros":0.0}]']}}
client.py: Dispatching event socket_response
client.py: Dispatching event socket_raw_send
client.py: Dispatching event socket_raw_send
gateway.py: Shard ID None has sent the RESUME payload.
client.py: Dispatching event socket_raw_receive
gateway.py: For Shard ID None: WebSocket Event: {'t': None, 's': None, 'op': 11, 'd': None}
client.py: Dispatching event socket_response
client.py: Dispatching event socket_raw_receive
gateway.py: For Shard ID None: WebSocket Event: {'t': 'RESUMED', 's': 5, 'op': 0, 'd': {'_trace': ['["gateway-prd-main-zvf8",{"micros":1185,"calls":["discord-sessions-blue-prd-2-150",{"micros":23}]}]']}}
client.py: Dispatching event socket_response
gateway.py: Shard ID None has successfully RESUMED session 71710b314b2a458f35b7f53a71ed3ff5 under trace ["gateway-prd-main-zvf8",{"micros":1185,"calls":["discord-sessions-blue-prd-2-150",{"micros":23}]}].
client.py: Dispatching event resumed
gateway.py: Keeping shard ID None websocket alive with sequence 5.
client.py: Dispatching event socket_raw_receive
gateway.py: For Shard ID None: WebSocket Event: {'t': None, 's': None, 'op': 11, 'd': None}
client.py: Dispatching event socket_response
gateway.py: Keeping shard ID None websocket alive with sequence 5.
client.py: Dispatching event socket_raw_receive
gateway.py: For Shard ID None: WebSocket Event: {'t': None, 's': None, 'op': 11, 'd': None}
client.py: Dispatching event socket_response
gateway.py: Keeping shard ID None websocket alive with sequence 5.
client.py: Dispatching event socket_raw_receive
gateway.py: For Shard ID None: WebSocket Event: {'t': None, 's': None, 'op': 11, 'd': None}
client.py: Dispatching event socket_response
gateway.py: Received WSMessage(type=<WSMsgType.CLOSE: 8>, data=4003, extra='Not authenticated.')
gateway.py: Websocket closed with 4003, attempting a reconnect.
client.py: Got a request to RESUME the websocket.
client.py: Dispatching event disconnect
http.py: GET https://discord.com/api/v7/gateway with None has returned 200
http.py: GET https://discord.com/api/v7/gateway has received {'url': 'wss://gateway.discord.gg'}
gateway.py: Created websocket connected to wss://gateway.discord.gg?encoding=json&v=6&compress=zlib-stream
client.py: Dispatching event socket_raw_receive
gateway.py: For Shard ID None: WebSocket Event: {'t': None, 's': None, 'op': 10, 'd': {'heartbeat_interval': 41250, '_trace': ['["gateway-prd-main-m2j7",{"micros":0.0}]']}}
client.py: Dispatching event socket_response
client.py: Dispatching event socket_raw_send
client.py: Dispatching event socket_raw_send
gateway.py: Shard ID None has sent the RESUME payload.
client.py: Dispatching event socket_raw_receive
gateway.py: For Shard ID None: WebSocket Event: {'t': None, 's': None, 'op': 11, 'd': None}
client.py: Dispatching event socket_response
client.py: Dispatching event socket_raw_receive
gateway.py: For Shard ID None: WebSocket Event: {'t': None, 's': None, 'op': 9, 'd': False}
client.py: Dispatching event socket_response
gateway.py: Shard ID None session has been invalidated.
client.py: Got a request to IDENTIFY the websocket.
client.py: Dispatching event disconnect
http.py: GET https://discord.com/api/v7/gateway with None has returned 200
http.py: GET https://discord.com/api/v7/gateway has received {'url': 'wss://gateway.discord.gg'}
gateway.py: Created websocket connected to wss://gateway.discord.gg?encoding=json&v=6&compress=zlib-stream
client.py: Dispatching event socket_raw_receive
gateway.py: For Shard ID None: WebSocket Event: {'t': None, 's': None, 'op': 10, 'd': {'heartbeat_interval': 41250, '_trace': ['["gateway-prd-main-4p5p",{"micros":0.0}]']}}
client.py: Dispatching event socket_response
client.py: Dispatching event socket_raw_send
client.py: Dispatching event socket_raw_send
gateway.py: Shard ID None has sent the IDENTIFY payload.
client.py: Dispatching event socket_raw_receive
gateway.py: For Shard ID None: WebSocket Event: {'t': None, 's': None, 'op': 11, 'd': None}
client.py: Dispatching event socket_response
gateway.py: Received WSMessage(type=<WSMsgType.CLOSE: 8>, data=4004, extra='Authentication failed.')
gateway.py: Websocket closed with 4004, cannot reconnect.
client.py: Dispatching event disconnect
client.py: Cleaning up tasks.
client.py: Closing the event loop.
